19-10-17 12:44:15,353 [main] Logfile closed: F:\Spring-Core-9AM\Spring-Global-Tx\.\tmlog-1.log
19-10-17 12:44:36,445 [Atomikos:2] Rollback of timedout ACTIVE coordinator !
19-10-17 12:44:36,446 [Atomikos:2] Forcing close of pending statement: oracle.jdbc.driver.OraclePreparedStatementWrapper@37dd17f2
19-10-17 12:44:36,446 [Atomikos:2] Forcing close of pending statement: oracle.jdbc.driver.OraclePreparedStatementWrapper@391aff79
19-10-17 12:44:36,446 [Atomikos:2] Forcing close of pending statement: com.mysql.cj.jdbc.PreparedStatementWrapper@3d257c82
19-10-17 12:44:46,635 [main] Transaction is marked for rollback only or has timed out
com.atomikos.datasource.xa.session.InvalidSessionHandleStateException: Transaction is marked for rollback only or has timed out
	at com.atomikos.datasource.xa.session.NotInBranchStateHandler.checkEnlistBeforeUse(NotInBranchStateHandler.java:59)
	at com.atomikos.datasource.xa.session.TransactionContext.checkEnlistBeforeUse(TransactionContext.java:85)
	at com.atomikos.datasource.xa.session.SessionHandleState.notifyBeforeUse(SessionHandleState.java:176)
	at com.atomikos.jdbc.AtomikosConnectionProxy.enlist(AtomikosConnectionProxy.java:204)
	at com.atomikos.jdbc.AtomikosConnectionProxy.invoke(AtomikosConnectionProxy.java:138)
	at com.sun.proxy.$Proxy17.prepareStatement(Unknown Source)
	at org.springframework.jdbc.core.JdbcTemplate$SimplePreparedStatementCreator.createPreparedStatement(JdbcTemplate.java:1557)
	at org.springframework.jdbc.core.JdbcTemplate.execute(JdbcTemplate.java:615)
	at org.springframework.jdbc.core.JdbcTemplate.update(JdbcTemplate.java:862)
	at org.springframework.jdbc.core.JdbcTemplate.update(JdbcTemplate.java:917)
	at org.springframework.jdbc.core.JdbcTemplate.update(JdbcTemplate.java:927)
	at com.sathya.dao.impl.GlobalDaoImpl.transferMoney(GlobalDaoImpl.java:40)
	at sun.reflect.NativeMethodAccessorImpl.invoke0(Native Method)
	at sun.reflect.NativeMethodAccessorImpl.invoke(Unknown Source)
	at sun.reflect.DelegatingMethodAccessorImpl.invoke(Unknown Source)
	at java.lang.reflect.Method.invoke(Unknown Source)
	at org.springframework.aop.support.AopUtils.invokeJoinpointUsingReflection(AopUtils.java:343)
	at org.springframework.aop.framework.ReflectiveMethodInvocation.invokeJoinpoint(ReflectiveMethodInvocation.java:198)
	at org.springframework.aop.framework.ReflectiveMethodInvocation.proceed(ReflectiveMethodInvocation.java:163)
	at org.springframework.transaction.interceptor.TransactionAspectSupport.invokeWithinTransaction(TransactionAspectSupport.java:294)
	at org.springframework.transaction.interceptor.TransactionInterceptor.invoke(TransactionInterceptor.java:98)
	at org.springframework.aop.framework.ReflectiveMethodInvocation.proceed(ReflectiveMethodInvocation.java:186)
	at org.springframework.aop.framework.JdkDynamicAopProxy.invoke(JdkDynamicAopProxy.java:212)
	at com.sun.proxy.$Proxy15.transferMoney(Unknown Source)
	at com.sathya.test.Test.main(Test.java:14)
19-10-17 12:44:46,637 [main] Error enlisting in transaction - connection might be broken? Please check the logs for more information...
com.atomikos.jdbc.AtomikosSQLException: Transaction is marked for rollback only or has timed out
	at com.atomikos.jdbc.AtomikosSQLException.throwAtomikosSQLException(AtomikosSQLException.java:44)
	at com.atomikos.jdbc.AtomikosConnectionProxy.enlist(AtomikosConnectionProxy.java:214)
	at com.atomikos.jdbc.AtomikosConnectionProxy.invoke(AtomikosConnectionProxy.java:138)
	at com.sun.proxy.$Proxy17.prepareStatement(Unknown Source)
	at org.springframework.jdbc.core.JdbcTemplate$SimplePreparedStatementCreator.createPreparedStatement(JdbcTemplate.java:1557)
	at org.springframework.jdbc.core.JdbcTemplate.execute(JdbcTemplate.java:615)
	at org.springframework.jdbc.core.JdbcTemplate.update(JdbcTemplate.java:862)
	at org.springframework.jdbc.core.JdbcTemplate.update(JdbcTemplate.java:917)
	at org.springframework.jdbc.core.JdbcTemplate.update(JdbcTemplate.java:927)
	at com.sathya.dao.impl.GlobalDaoImpl.transferMoney(GlobalDaoImpl.java:40)
	at sun.reflect.NativeMethodAccessorImpl.invoke0(Native Method)
	at sun.reflect.NativeMethodAccessorImpl.invoke(Unknown Source)
	at sun.reflect.DelegatingMethodAccessorImpl.invoke(Unknown Source)
	at java.lang.reflect.Method.invoke(Unknown Source)
	at org.springframework.aop.support.AopUtils.invokeJoinpointUsingReflection(AopUtils.java:343)
	at org.springframework.aop.framework.ReflectiveMethodInvocation.invokeJoinpoint(ReflectiveMethodInvocation.java:198)
	at org.springframework.aop.framework.ReflectiveMethodInvocation.proceed(ReflectiveMethodInvocation.java:163)
	at org.springframework.transaction.interceptor.TransactionAspectSupport.invokeWithinTransaction(TransactionAspectSupport.java:294)
	at org.springframework.transaction.interceptor.TransactionInterceptor.invoke(TransactionInterceptor.java:98)
	at org.springframework.aop.framework.ReflectiveMethodInvocation.proceed(ReflectiveMethodInvocation.java:186)
	at org.springframework.aop.framework.JdkDynamicAopProxy.invoke(JdkDynamicAopProxy.java:212)
	at com.sun.proxy.$Proxy15.transferMoney(Unknown Source)
	at com.sathya.test.Test.main(Test.java:14)
Caused by: com.atomikos.datasource.xa.session.InvalidSessionHandleStateException: Transaction is marked for rollback only or has timed out
	at com.atomikos.datasource.xa.session.NotInBranchStateHandler.checkEnlistBeforeUse(NotInBranchStateHandler.java:59)
	at com.atomikos.datasource.xa.session.TransactionContext.checkEnlistBeforeUse(TransactionContext.java:85)
	at com.atomikos.datasource.xa.session.SessionHandleState.notifyBeforeUse(SessionHandleState.java:176)
	at com.atomikos.jdbc.AtomikosConnectionProxy.enlist(AtomikosConnectionProxy.java:204)
	... 21 more
19-10-17 12:47:51,446 [main] Starting read of logfile F:\Spring-Core-9AM\Spring-Global-Tx\.\tmlog0.log
19-10-17 12:47:51,446 [main] Done read of logfile
19-10-17 12:47:51,446 [main] Logfile closed: F:\Spring-Core-9AM\Spring-Global-Tx\.\tmlog0.log
19-10-17 12:48:56,516 [main] Starting read of logfile F:\Spring-Core-9AM\Spring-Global-Tx\.\tmlog1.log
19-10-17 12:48:56,516 [main] Done read of logfile
19-10-17 12:48:56,517 [main] Logfile closed: F:\Spring-Core-9AM\Spring-Global-Tx\.\tmlog1.log
